<?xml version="1.0" encoding="UTF-8"?>
<testsuite xmlns:xsi="http://www.w3.org/2001/XMLSchema-instance" xsi:noNamespaceSchemaLocation="https://maven.apache.org/surefire/maven-surefire-plugin/xsd/surefire-test-report-3.0.xsd" version="3.0" name="simpleproject.TestMessageBuilder" time="0.032" tests="2" errors="0" skipped="0" failures="1">
  <properties>
[...]
</properties>
  <testcase name="testNumber10" classname="simpleproject.TestMessageBuilder" time="0.007">
    <failure type="org.opentest4j.AssertionFailedError"><![CDATA[org.opentest4j.AssertionFailedError: expected: <10> but was: <11>
	at simpleproject.TestMessageBuilder.testNumber10(TestMessageBuilder.java:15)
]]></failure>
  </testcase>
  <testcase name="testHelloWorld" classname="simpleproject.TestMessageBuilder" time="0.001"/>
</testsuite>